2022-10-03T10:42:10+00:00 CRITICAL Maximum execution time of 30 seconds exceeded in /Applications/MAMP/htdocs/fyrklovern/wp-includes/functions.php on line 2101

2022-10-03T11:02:28+00:00 CRITICAL Uncaught Error: Call to undefined function woocommerce_excerpt() in /Applications/MAMP/htdocs/fyrklovern/wp-content/themes/fyrklovern/woocommerce.php:4
Stack trace:
#0 /Applications/MAMP/htdocs/fyrklovern/wp-includes/template-loader.php(106): include()
#1 /Applications/MAMP/htdocs/fyrklovern/wp-blog-header.php(19): require_once('/Applications/M...')
#2 /Applications/MAMP/htdocs/fyrklovern/index.php(17): require('/Applications/M...')
#3 {main}
  thrown in /Applications/MAMP/htdocs/fyrklovern/wp-content/themes/fyrklovern/woocommerce.php on line 4

2022-10-03T14:46:39+00:00 CRITICAL Uncaught Error: Call to a member function get_categories() on null in /Applications/MAMP/htdocs/fyrklovern/wp-content/themes/fyrklovern/woocommerce.php:3
Stack trace:
#0 /Applications/MAMP/htdocs/fyrklovern/wp-includes/template-loader.php(106): include()
#1 /Applications/MAMP/htdocs/fyrklovern/wp-blog-header.php(19): require_once('/Applications/M...')
#2 /Applications/MAMP/htdocs/fyrklovern/index.php(17): require('/Applications/M...')
#3 {main}
  thrown in /Applications/MAMP/htdocs/fyrklovern/wp-content/themes/fyrklovern/woocommerce.php on line 3

2022-10-03T15:20:18+00:00 CRITICAL syntax error, unexpected token "<", expecting end of file in /Applications/MAMP/htdocs/fyrklovern/wp-content/themes/fyrklovern/woocommerce.php on line 23

2022-10-03T19:29:48+00:00 CRITICAL Uncaught Error: Object of class WP_Error could not be converted to string in C:\MAMP\htdocs\fyrklovern\wp-content\themes\fyrklovern\page-blocks\recommended-product-block.php:34
Stack trace:
#0 C:\MAMP\htdocs\fyrklovern\wp-content\plugins\advanced-custom-fields-pro\pro\blocks.php(390): include()
#1 C:\MAMP\htdocs\fyrklovern\wp-content\plugins\advanced-custom-fields-pro\pro\blocks.php(327): acf_render_block(Array, '', true, '12', NULL)
#2 C:\MAMP\htdocs\fyrklovern\wp-content\plugins\advanced-custom-fields-pro\pro\blocks.php(612): acf_rendered_block(Array, '', true, '12')
#3 C:\MAMP\htdocs\fyrklovern\wp-includes\class-wp-hook.php(307): acf_ajax_fetch_block('')
#4 C:\MAMP\htdocs\fyrklovern\wp-includes\class-wp-hook.php(331): WP_Hook->apply_filters('', Array)
#5 C:\MAMP\htdocs\fyrklovern\wp-includes\plugin.php(476): WP_Hook->do_action(Array)
#6 C:\MAMP\htdocs\fyrklovern\wp-admin\admin-ajax.php(187): do_action('wp_ajax_acf/aja...')
#7 {main}
  thrown in C:\MAMP\htdocs\fyrklovern\wp-content\themes\fyrklovern\page-blocks\recommended-product-block.php on line 34

